SF:lib/ads/ad_ids.dart
DA:22,2
DA:23,0
DA:24,2
DA:26,2
DA:27,0
DA:28,2
LF:6
LH:4
end_of_record
SF:lib/domain/problem_generator.dart
DA:13,5
DA:23,4
DA:27,8
DA:29,24
DA:31,24
DA:33,12
DA:34,20
DA:36,2
DA:38,4
DA:41,4
DA:42,3
DA:53,4
DA:58,0
DA:61,2
DA:62,12
DA:73,3
DA:74,6
DA:76,3
DA:78,3
DA:80,3
DA:83,5
DA:84,11
DA:88,6
DA:91,3
DA:92,6
DA:93,3
DA:94,3
DA:95,3
DA:99,6
DA:108,3
DA:109,6
DA:110,6
DA:111,6
DA:112,3
DA:117,3
DA:126,4
DA:127,4
DA:128,12
DA:130,4
DA:131,8
LF:40
LH:39
end_of_record
SF:lib/domain/problem_mode.dart
DA:9,10
DA:23,4
DA:28,1
DA:33,15
DA:34,6
DA:37,4
DA:38,2
DA:39,2
DA:43,0
DA:44,0
DA:45,0
DA:46,0
DA:50,0
DA:51,0
DA:52,0
DA:53,0
DA:88,0
DA:89,0
DA:91,0
DA:93,0
DA:94,0
DA:95,0
DA:97,1
DA:98,3
DA:100,1
DA:101,5
LF:26
LH:12
end_of_record
SF:lib/state/quiz_session.dart
DA:11,2
DA:13,8
DA:32,2
DA:33,4
DA:34,2
DA:35,4
DA:36,3
DA:38,2
DA:39,4
DA:41,4
DA:43,3
DA:45,2
DA:46,10
DA:49,1
DA:51,2
DA:53,3
DA:55,1
DA:59,1
DA:60,2
DA:62,1
DA:63,0
DA:64,0
DA:66,5
DA:69,1
DA:73,1
DA:74,2
DA:76,3
DA:77,2
DA:78,1
DA:79,1
DA:80,1
DA:81,3
DA:83,1
DA:87,1
DA:88,2
DA:89,2
DA:90,1
DA:91,1
DA:92,1
DA:93,4
DA:95,1
LF:41
LH:39
end_of_record
SF:lib/domain/problem.dart
DA:7,6
DA:24,12
DA:30,10
DA:31,25
DA:32,25
DA:33,5
DA:35,5
DA:40,17
DA:41,20
DA:42,17
DA:43,20
DA:47,2
DA:48,10
DA:49,8
LF:14
LH:14
end_of_record
SF:lib/domain/staff_layout.dart
DA:5,7
DA:20,0
DA:21,0
DA:33,28
DA:34,28
DA:35,35
DA:38,21
DA:39,7
DA:40,7
DA:41,7
DA:42,7
DA:43,7
DA:44,7
DA:45,7
DA:46,7
DA:47,7
DA:48,7
DA:49,7
DA:50,7
DA:51,7
DA:52,7
DA:53,7
DA:54,7
DA:55,7
DA:56,7
DA:57,7
DA:60,12
DA:73,2
DA:74,6
LF:29
LH:27
end_of_record
SF:lib/ui/common/line_art_image.dart
DA:13,3
DA:34,2
DA:36,10
DA:38,6
DA:40,1
LF:5
LH:5
end_of_record
SF:lib/ui/quiz/staff_view.dart
DA:11,2
DA:23,2
DA:25,2
DA:26,2
DA:28,2
DA:29,2
DA:30,2
DA:31,2
DA:32,2
DA:33,2
DA:34,2
DA:36,2
DA:38,2
DA:42,4
DA:43,6
DA:44,8
DA:45,2
DA:46,6
DA:47,6
DA:48,2
DA:50,4
DA:51,6
DA:52,8
DA:53,2
DA:54,6
DA:55,6
DA:56,2
DA:66,2
DA:70,2
DA:72,2
DA:73,4
DA:74,2
DA:75,2
DA:76,2
DA:77,6
DA:78,2
DA:85,2
DA:90,2
DA:92,2
DA:93,6
DA:94,4
DA:95,2
DA:96,2
DA:97,2
DA:98,2
DA:100,4
DA:110,2
DA:114,4
DA:115,2
DA:116,2
DA:117,2
DA:118,2
DA:119,2
DA:120,2
DA:121,2
DA:122,2
DA:123,2
DA:125,8
DA:126,8
DA:128,2
DA:130,4
DA:131,4
DA:132,4
DA:133,4
DA:139,2
DA:145,2
DA:150,8
DA:151,8
DA:153,2
DA:155,4
DA:156,4
DA:157,4
DA:163,3
DA:168,2
DA:170,1
DA:172,1
DA:173,3
DA:174,1
DA:175,1
DA:182,2
DA:192,2
DA:194,2
DA:195,2
DA:197,1
DA:198,1
DA:202,2
DA:205,0
DA:209,2
DA:211,0
DA:216,2
DA:218,1
DA:219,1
DA:228,2
DA:229,6
DA:230,6
DA:231,2
DA:232,2
DA:233,2
DA:234,2
LF:99
LH:97
end_of_record
SF:lib/ads/ad_service.dart
DA:15,0
DA:18,1
DA:19,2
DA:20,1
DA:22,1
DA:23,1
DA:25,1
DA:26,0
DA:27,0
DA:28,0
DA:29,0
DA:30,0
DA:31,0
DA:32,0
DA:34,0
DA:35,0
DA:36,0
DA:37,0
DA:40,0
DA:42,0
DA:43,0
DA:44,0
DA:45,0
DA:52,0
DA:53,0
DA:55,0
DA:59,0
DA:60,0
DA:64,1
DA:65,1
DA:66,1
LF:31
LH:9
end_of_record
SF:lib/domain/answer_checker.dart
DA:9,1
DA:25,1
DA:31,1
DA:33,2
DA:35,3
DA:37,1
DA:38,1
DA:40,1
DA:44,3
DA:45,2
DA:47,1
DA:49,1
DA:50,1
DA:51,1
DA:52,1
LF:15
LH:15
end_of_record
SF:lib/domain/commentary.dart
DA:12,2
DA:13,2
DA:14,6
DA:17,8
DA:18,6
DA:19,4
DA:21,2
DA:24,6
DA:26,6
DA:27,6
DA:29,2
DA:30,2
DA:31,2
DA:32,2
DA:33,2
DA:37,2
DA:38,6
DA:39,2
DA:41,4
DA:44,2
DA:45,8
DA:47,2
DA:48,4
DA:50,2
DA:51,2
DA:52,2
DA:53,2
DA:54,2
DA:55,1
LF:29
LH:29
end_of_record
SF:lib/domain/korean_interval.dart
DA:31,3
DA:32,6
DA:41,4
DA:42,4
DA:43,8
DA:44,4
DA:46,4
DA:47,4
DA:49,4
DA:50,4
DA:56,3
DA:57,6
DA:58,3
DA:59,0
DA:62,3
DA:63,3
DA:65,3
DA:67,0
DA:70,3
DA:74,1
DA:75,1
DA:77,0
DA:80,1
DA:88,12
LF:24
LH:21
end_of_record
SF:lib/state/ad_counter.dart
DA:7,0
DA:9,0
DA:10,0
DA:11,0
DA:14,0
DA:15,0
DA:16,0
LF:7
LH:0
end_of_record
SF:lib/ui/common/banner_ad_slot.dart
DA:11,1
DA:13,1
DA:14,1
DA:21,1
DA:23,1
DA:24,1
DA:27,1
DA:28,1
DA:30,1
DA:32,1
DA:33,0
DA:34,0
DA:36,0
DA:37,0
DA:38,0
DA:43,1
DA:44,1
DA:47,1
DA:49,2
DA:50,1
DA:53,1
DA:55,1
DA:58,1
DA:59,2
DA:61,1
DA:62,0
LF:26
LH:20
end_of_record
SF:lib/ui/quiz/answer_pad.dart
DA:12,1
DA:38,1
DA:40,3
DA:41,1
DA:42,1
DA:43,1
DA:47,1
DA:48,1
DA:49,4
DA:50,2
DA:51,1
DA:52,1
DA:53,1
DA:54,1
DA:55,1
DA:57,2
DA:58,1
DA:59,1
DA:60,1
DA:61,1
DA:62,1
DA:64,2
DA:65,1
DA:66,0
DA:67,0
DA:69,0
DA:70,0
DA:71,0
DA:72,0
DA:73,0
DA:74,0
DA:76,0
DA:77,0
DA:78,0
DA:79,0
DA:80,0
DA:81,0
DA:82,0
DA:91,1
DA:96,1
DA:100,1
DA:101,1
DA:102,4
DA:103,2
DA:104,1
DA:105,1
DA:106,1
DA:107,1
DA:108,1
DA:110,2
DA:111,1
DA:112,1
DA:113,1
DA:114,1
DA:115,1
DA:123,1
DA:139,1
DA:141,2
DA:143,1
DA:144,1
DA:145,1
DA:147,1
DA:148,4
DA:149,1
DA:150,2
DA:151,3
DA:152,1
DA:161,1
DA:171,1
DA:173,2
DA:175,1
DA:176,1
DA:177,1
DA:178,1
DA:179,0
DA:180,1
DA:181,1
DA:182,2
DA:184,2
LF:79
LH:63
end_of_record
SF:lib/ui/quiz/progress_bar.dart
DA:8,1
DA:12,1
DA:14,2
DA:15,4
DA:16,1
DA:17,1
DA:19,1
DA:21,1
DA:22,1
DA:23,1
DA:25,1
DA:26,2
DA:27,1
DA:28,1
DA:31,1
DA:32,5
DA:33,3
LF:17
LH:17
end_of_record
SF:lib/ui/quiz/quiz_page.dart
DA:21,0
DA:25,1
DA:26,1
DA:30,2
DA:31,2
DA:32,1
DA:39,1
DA:41,1
DA:42,2
DA:45,1
DA:47,2
DA:48,2
DA:49,1
DA:52,0
DA:53,0
DA:55,0
DA:57,0
DA:58,0
DA:59,0
DA:63,0
DA:64,0
DA:67,0
DA:68,0
DA:69,0
DA:73,0
DA:74,0
DA:75,0
DA:76,0
DA:77,0
DA:78,0
DA:79,0
DA:84,0
DA:85,0
DA:88,0
DA:89,0
DA:90,0
DA:91,0
DA:92,0
DA:94,0
DA:97,0
DA:98,0
DA:100,0
DA:101,0
DA:102,0
DA:105,0
DA:106,0
DA:110,0
DA:111,0
DA:112,0
DA:113,0
DA:114,0
DA:115,0
DA:116,0
DA:117,0
DA:122,0
DA:123,0
DA:125,0
DA:126,0
DA:127,0
DA:128,0
DA:130,0
DA:132,0
DA:135,0
DA:141,0
DA:142,0
DA:143,0
DA:144,0
DA:145,0
DA:147,0
DA:150,0
DA:151,0
DA:152,0
DA:153,0
DA:154,0
DA:156,0
DA:164,0
DA:165,0
DA:168,1
DA:170,1
DA:171,1
DA:172,1
DA:173,1
DA:174,1
DA:176,6
DA:178,1
DA:179,1
DA:180,2
DA:181,1
DA:182,2
DA:184,4
DA:186,1
DA:187,2
DA:188,1
DA:189,1
DA:190,0
DA:192,1
DA:193,1
DA:197,2
LF:98
LH:32
end_of_record
SF:lib/ui/result/result_page.dart
DA:14,0
DA:24,0
DA:33,0
DA:34,0
DA:35,0
DA:36,0
DA:38,0
DA:41,0
DA:43,0
DA:44,0
DA:45,0
DA:46,0
DA:47,0
DA:48,0
DA:49,0
DA:50,0
DA:51,0
DA:52,0
DA:55,0
DA:56,0
DA:57,0
DA:58,0
DA:59,0
DA:61,0
DA:62,0
DA:63,0
DA:64,0
DA:65,0
DA:66,0
DA:72,0
DA:73,0
DA:75,0
DA:77,0
DA:78,0
DA:81,0
DA:82,0
DA:83,0
DA:86,0
DA:88,0
DA:96,0
DA:97,0
DA:98,0
DA:99,0
DA:100,0
DA:101,0
DA:102,0
DA:103,0
DA:106,0
DA:107,0
DA:108,0
DA:109,0
DA:110,0
DA:112,0
DA:115,0
DA:119,0
DA:120,0
DA:121,0
DA:122,0
DA:124,0
DA:125,0
DA:129,0
DA:130,0
DA:131,0
DA:132,0
DA:134,0
DA:135,0
DA:136,0
DA:137,0
DA:138,0
DA:139,0
DA:147,0
DA:148,0
DA:151,0
DA:152,0
DA:153,0
DA:163,0
DA:164,0
DA:165,0
DA:169,0
DA:170,0
DA:171,0
DA:172,0
DA:173,0
DA:183,0
DA:184,0
DA:191,0
DA:192,0
DA:194,0
DA:195,0
DA:196,0
DA:197,0
DA:198,0
DA:199,0
DA:200,0
DA:201,0
DA:204,0
DA:206,0
DA:208,0
DA:212,0
DA:213,0
DA:214,0
DA:216,0
DA:218,0
DA:219,0
DA:221,0
DA:222,0
DA:224,0
DA:225,0
DA:226,0
DA:227,0
LF:110
LH:0
end_of_record
SF:lib/ui/quiz/result_sheet.dart
DA:8,0
DA:27,0
DA:29,0
DA:31,0
DA:33,0
DA:35,0
DA:36,0
DA:43,0
DA:44,0
DA:46,0
DA:47,0
DA:48,0
DA:49,0
DA:50,0
DA:52,0
DA:53,0
DA:54,0
DA:55,0
DA:62,0
DA:63,0
DA:65,0
DA:70,0
DA:71,0
DA:72,0
DA:78,0
DA:86,0
DA:90,0
DA:92,0
DA:93,0
DA:94,0
DA:95,0
DA:100,0
DA:101,0
DA:102,0
DA:104,0
DA:105,0
LF:36
LH:0
end_of_record
SF:lib/theme/app_theme.dart
DA:31,6
DA:32,6
DA:34,3
DA:35,3
DA:40,3
DA:41,3
DA:46,3
DA:49,3
DA:50,3
DA:52,3
DA:55,3
DA:58,3
DA:59,3
DA:60,3
DA:61,3
DA:65,3
DA:66,3
DA:67,3
DA:68,3
DA:70,6
LF:20
LH:20
end_of_record
SF:lib/app.dart
DA:10,1
DA:12,1
DA:14,1
DA:15,2
DA:16,1
DA:18,2
DA:21,1
DA:22,1
DA:24,2
DA:25,1
DA:27,1
LF:11
LH:11
end_of_record
SF:lib/ads/consent_service.dart
DA:25,1
DA:26,1
DA:30,1
DA:51,2
DA:52,0
DA:53,0
DA:57,0
DA:60,0
DA:61,0
DA:62,0
DA:65,1
DA:68,0
DA:69,0
DA:71,0
DA:72,0
DA:73,0
DA:74,0
DA:75,0
DA:76,0
DA:77,0
DA:79,0
DA:80,0
DA:83,0
DA:85,0
DA:86,0
DA:89,0
DA:117,0
DA:118,0
DA:120,0
DA:121,0
DA:122,0
DA:123,0
DA:124,0
DA:129,0
DA:130,0
DA:132,0
DA:133,0
DA:136,0
DA:139,0
DA:140,0
LF:40
LH:5
end_of_record
SF:lib/ui/common/loading_page.dart
DA:12,1
DA:14,1
DA:15,1
DA:19,1
DA:21,1
DA:22,1
DA:24,2
DA:25,1
DA:26,2
DA:37,1
DA:39,1
DA:44,2
DA:45,1
DA:46,5
DA:47,5
DA:48,1
DA:51,1
DA:52,1
DA:55,1
DA:56,1
DA:58,1
DA:62,1
DA:63,5
DA:64,5
DA:73,1
DA:74,5
LF:26
LH:26
end_of_record
SF:lib/ui/common/initialize_screen.dart
DA:10,1
DA:12,1
DA:13,1
DA:19,1
DA:21,1
DA:25,1
DA:28,1
DA:35,1
DA:36,3
DA:37,2
DA:41,0
DA:42,0
DA:43,0
DA:44,0
DA:45,0
LF:15
LH:10
end_of_record
SF:lib/ui/home/home_page.dart
DA:20,1
DA:22,0
DA:23,0
DA:37,0
DA:39,0
DA:40,0
DA:43,0
DA:47,0
DA:54,0
DA:56,0
DA:57,0
DA:59,0
DA:60,0
DA:62,0
DA:63,0
DA:64,0
DA:70,0
DA:71,0
DA:72,0
DA:75,0
DA:77,0
DA:78,0
DA:79,0
DA:80,0
DA:83,0
DA:84,0
DA:87,0
DA:88,0
DA:89,0
DA:90,0
DA:93,0
DA:94,0
DA:95,0
DA:99,0
DA:101,0
DA:103,0
DA:104,0
DA:105,0
DA:106,0
DA:107,0
DA:108,0
DA:112,0
DA:113,0
DA:115,0
DA:116,0
DA:117,0
DA:129,0
DA:130,0
DA:131,0
DA:133,0
DA:134,0
DA:138,0
DA:139,0
DA:140,0
DA:141,0
DA:142,0
DA:143,0
DA:147,0
DA:148,0
DA:149,0
DA:150,0
DA:151,0
DA:164,0
DA:169,0
DA:171,0
DA:172,0
DA:176,0
DA:177,0
DA:178,0
DA:179,0
DA:180,0
DA:182,0
DA:184,0
DA:187,0
DA:196,0
DA:206,0
DA:208,0
DA:210,0
DA:211,0
DA:212,0
DA:213,0
DA:214,0
DA:215,0
DA:216,0
DA:217,0
DA:219,0
DA:220,0
DA:221,0
DA:222,0
DA:223,0
DA:224,0
DA:225,0
DA:226,0
DA:227,0
DA:228,0
DA:232,0
DA:233,0
DA:236,0
DA:237,0
DA:239,0
DA:240,0
DA:247,0
DA:248,0
DA:250,0
DA:263,0
DA:267,0
DA:269,0
DA:271,0
DA:272,0
DA:273,0
DA:274,0
DA:276,0
DA:280,0
DA:281,0
LF:114
LH:1
end_of_record
SF:lib/ui/settings/settings_page.dart
DA:8,1
DA:10,0
DA:11,0
DA:18,0
DA:20,0
DA:22,0
DA:25,0
DA:26,0
DA:27,0
DA:30,0
DA:32,0
DA:33,0
DA:36,0
DA:37,0
DA:38,0
DA:39,0
DA:40,0
DA:78,0
DA:85,0
DA:87,0
DA:88,0
DA:101,0
DA:102,0
DA:106,0
DA:107,0
DA:110,0
DA:111,0
DA:113,0
DA:114,0
DA:116,0
DA:117,0
DA:118,0
LF:32
LH:1
end_of_record
